[debug] [2024-12-19T02:50:45.868Z] ----------------------------------------------------------------------
[debug] [2024-12-19T02:50:45.874Z] Command:       C:\Program Files\nodejs\node.exe C:\Users\riyas\AppData\Roaming\npm\node_modules\firebase-tools\lib\bin\firebase.js init
[debug] [2024-12-19T02:50:45.875Z] CLI Version:   13.29.1
[debug] [2024-12-19T02:50:45.875Z] Platform:      win32
[debug] [2024-12-19T02:50:45.875Z] Node Version:  v20.17.0
[debug] [2024-12-19T02:50:45.876Z] Time:          Thu Dec 19 2024 08:20:45 GMT+0530 (India Standard Time)
[debug] [2024-12-19T02:50:45.876Z] ----------------------------------------------------------------------
[debug] 
[debug] [2024-12-19T02:50:45.894Z] > command requires scopes: ["email","openid","https://www.googleapis.com/auth/cloudplatformprojects.readonly","https://www.googleapis.com/auth/firebase","https://www.googleapis.com/auth/cloud-platform"]
[debug] [2024-12-19T02:50:45.896Z] > authorizing via signed-in user (satheriya255@gmail.com)
[info] 
     ######## #### ########  ######## ########     ###     ######  ########
     ##        ##  ##     ## ##       ##     ##  ##   ##  ##       ##
     ######    ##  ########  ######   ########  #########  ######  ######
     ##        ##  ##    ##  ##       ##     ## ##     ##       ## ##
     ##       #### ##     ## ######## ########  ##     ##  ######  ########

You're about to initialize a Firebase project in this directory:

  C:\Users\riyas\OneDrive\Desktop\Luxe_Cartel

[info] 
=== Project Setup
[info] 
[info] First, let's associate this project directory with a Firebase project.
[info] You can create multiple project aliases by running firebase use --add, 
[info] but for now we'll just set up a default project.
[info] 
[info] i  If you want to create a project in a Google Cloud organization or folder, please use "firebase projects:create" instead, and return to this command when you've created the project. 
[debug] [2024-12-19T03:03:41.207Z] Checked if tokens are valid: true, expires at: 1734580224933
[debug] [2024-12-19T03:03:41.207Z] Checked if tokens are valid: true, expires at: 1734580224933
[debug] [2024-12-19T03:03:41.209Z] >>> [apiv2][query] POST https://cloudresourcemanager.googleapis.com/v1/projects [none]
[debug] [2024-12-19T03:03:41.210Z] >>> [apiv2][body] POST https://cloudresourcemanager.googleapis.com/v1/projects {"projectId":"12142827Sara##","name":"LC1234"}
[debug] [2024-12-19T03:03:42.909Z] <<< [apiv2][status] POST https://cloudresourcemanager.googleapis.com/v1/projects 400
[debug] [2024-12-19T03:03:42.910Z] <<< [apiv2][body] POST https://cloudresourcemanager.googleapis.com/v1/projects {"error":{"code":400,"message":"field [project_id] has issue [project_id contains invalid characters]","status":"INVALID_ARGUMENT","details":[{"@type":"type.googleapis.com/google.rpc.BadRequest","fieldViolations":[{"field":"project_id","description":"project_id contains invalid characters"}]},{"@type":"type.googleapis.com/google.rpc.Help","links":[{"url":"https://cloud.google.com/resource-manager/reference/rest/v1/projects"}]}]}}
[debug] [2024-12-19T03:03:43.112Z] FirebaseError: Request to https://cloudresourcemanager.googleapis.com/v1/projects had HTTP Error: 400, field [project_id] has issue [project_id contains invalid characters]
    at responseToError (C:\Users\riyas\AppData\Roaming\npm\node_modules\firebase-tools\lib\responseToError.js:52:12)
    at RetryOperation._fn (C:\Users\riyas\AppData\Roaming\npm\node_modules\firebase-tools\lib\apiv2.js:312:77)
    at process.processTicksAndRejections (node:internal/process/task_queues:95:5)
[error] 
[error] Error: Failed to create project. See firebase-debug.log for more info.
